11/10/2021 9:40:15 PM	This log contains information about the import schema operation into project 'Database1' on computer 'SYENUGU-LT' by user 'syenugu'.
11/10/2021 9:40:15 PM	Import of database schema has started.
11/10/2021 9:40:34 PM	Gathering database credentials
11/10/2021 9:40:34 PM	Gathering database options
11/10/2021 9:40:34 PM	Gathering generic database scoped configuration option
11/10/2021 9:40:34 PM	Gathering users
11/10/2021 9:40:34 PM	Gathering roles
11/10/2021 9:40:34 PM	Gathering application roles
11/10/2021 9:40:34 PM	Gathering role memberships
11/10/2021 9:40:34 PM	Gathering filegroups
11/10/2021 9:40:34 PM	Gathering full-text catalogs
11/10/2021 9:40:34 PM	Gathering assemblies
11/10/2021 9:40:34 PM	Gathering certificates
11/10/2021 9:40:34 PM	Gathering asymmetric keys
11/10/2021 9:40:34 PM	Gathering symmetric keys
11/10/2021 9:40:34 PM	Gathering encrypted symmetric keys
11/10/2021 9:40:34 PM	Gathering schemas
11/10/2021 9:40:34 PM	Gathering XML schema collections
11/10/2021 9:40:34 PM	Gathering user-defined data types
11/10/2021 9:40:34 PM	Gathering user-defined types
11/10/2021 9:40:34 PM	Gathering table types
11/10/2021 9:40:34 PM	Gathering unique keys for table types
11/10/2021 9:40:34 PM	Gathering primary keys for table types
11/10/2021 9:40:34 PM	Gathering indexes for table types
11/10/2021 9:40:34 PM	Gathering check constraints for table types
11/10/2021 9:40:34 PM	Gathering default constraints for table types
11/10/2021 9:40:34 PM	Gathering partition functions
11/10/2021 9:40:34 PM	Gathering partition schemes
11/10/2021 9:40:34 PM	Gathering functions
11/10/2021 9:40:34 PM	Gathering encrypted functions
11/10/2021 9:40:34 PM	Gathering aggregates
11/10/2021 9:40:34 PM	Gathering procedures
11/10/2021 9:40:36 PM	Gathering encrypted procedures
11/10/2021 9:40:36 PM	Gathering tables
11/10/2021 9:40:37 PM	Gathering primary keys
11/10/2021 9:40:37 PM	Gathering unique constraints
11/10/2021 9:40:37 PM	Gathering foreign keys
11/10/2021 9:40:37 PM	Gathering default constraints
11/10/2021 9:40:37 PM	Gathering check constraints
11/10/2021 9:40:37 PM	Gathering views
11/10/2021 9:40:37 PM	Gathering encrypted views
11/10/2021 9:40:37 PM	Gathering indexes
11/10/2021 9:40:37 PM	Gathering statistics
11/10/2021 9:40:37 PM	Gathering full-text index stoplists
11/10/2021 9:40:37 PM	Gathering search property lists
11/10/2021 9:40:37 PM	Gathering search properties
11/10/2021 9:40:37 PM	Gathering full-text indexes
11/10/2021 9:40:37 PM	Gathering column store indexes
11/10/2021 9:40:37 PM	Gathering spatial indexes
11/10/2021 9:40:37 PM	Gathering XML indexes
11/10/2021 9:40:37 PM	Gathering Selective XML indexes
11/10/2021 9:40:37 PM	Gathering encrypted triggers
11/10/2021 9:40:37 PM	Gathering triggers
11/10/2021 9:40:38 PM	Gathering encrypted and clr ddl triggers
11/10/2021 9:40:38 PM	Gathering ddl triggers
11/10/2021 9:40:38 PM	Creating edge constraints
11/10/2021 9:40:38 PM	Gathering synonyms
11/10/2021 9:40:38 PM	Gathering defaults
11/10/2021 9:40:38 PM	Gathering data constraint uddt bindings
11/10/2021 9:40:38 PM	Gathering rules
11/10/2021 9:40:38 PM	Gathering data constraint uddt bindings
11/10/2021 9:40:38 PM	Gathering message types
11/10/2021 9:40:38 PM	Gathering queues
11/10/2021 9:40:38 PM	Gathering contracts
11/10/2021 9:40:38 PM	Gathering services
11/10/2021 9:40:38 PM	Gathering event notifications
11/10/2021 9:40:38 PM	Gathering remote service bindings
11/10/2021 9:40:38 PM	Gathering broker priorities
11/10/2021 9:40:38 PM	Gathering signatures
11/10/2021 9:40:38 PM	Gathering data compression options
11/10/2021 9:40:38 PM	Gathering sequence types
11/10/2021 9:40:38 PM	Gathering security policies
11/10/2021 9:40:38 PM	Gather column encryption keys
11/10/2021 9:40:38 PM	Gathering column master keys
11/10/2021 9:40:38 PM	Gathering external data sources
11/10/2021 9:40:38 PM	Gathering external file formats
11/10/2021 9:40:38 PM	Gathering external tables
11/10/2021 9:40:38 PM	Gathering extended properties
11/10/2021 9:40:46 PM	Gathering credentials
11/10/2021 9:40:46 PM	Gathering logins
11/10/2021 9:40:46 PM	Gathering server audits
11/10/2021 9:40:49 PM	Scanning project for duplicate elements
11/10/2021 9:40:49 PM	Finished duplicate element processing
11/10/2021 9:40:52 PM	Finished importing database.
11/10/2021 9:40:52 PM	A summary of the import was saved to the following location: C:\Users\syenugu\source\repos\Rovops_Test\Database1\Database1\Import Schema Logs\Database1_20211110041015.log
11/10/2021 9:40:52 PM	Click Finish to continue...
